<?xml version="1.0" encoding="UTF-8"?>
<testsuite xmlns:xsi="http://www.w3.org/2001/XMLSchema-instance" xsi:noNamespaceSchemaLocation="https://maven.apache.org/surefire/maven-surefire-plugin/xsd/surefire-test-report-3.0.xsd" version="3.0" name="com.jupitertoys.RunCucumberTest" time="36.935" tests="1" errors="0" skipped="0" failures="0">
  <properties>
[...]
</properties>
  <testcase name="Verify total cost of bought toys are correct" classname="Shopping Toys" time="36.203">
    <system-out><![CDATA[
Scenario: Verify total cost of bought toys are correct                         &amp#27;[90m# com/jupitertoys/features/ShopingToys.feature:3&amp#27;[0m
This is the browser
  &amp#27;[32mGiven &amp#27;[0m&amp#27;[32mI am in shop page&amp#27;[0m                                                      &amp#27;[90m# com.jupitertoys.stepDefinitions.NavigationStep.iAmInShopPage()&amp#27;[0m
  &amp#27;[32mWhen &amp#27;[0m&amp#27;[32mI buy following items&amp#27;[0m                                                   &amp#27;[90m# com.jupitertoys.stepDefinitions.ShopPageSteps.iBuyFollowingItems(java.util.List<java.util.Map<java.lang.String, java.lang.String>>)&amp#27;[0m
    | Product | Count |
    | Unicorn | 2     |
  &amp#27;[32mAnd &amp#27;[0m&amp#27;[32mI navigate to cart page&amp#27;[0m                                                  &amp#27;[90m# com.jupitertoys.stepDefinitions.NavigationStep.iNavigateToCartPage()&amp#27;[0m
HTTP/1.1 200 
Vary: Origin
Vary: Access-Control-Request-Method
Vary: Access-Control-Request-Headers
X-Content-Type-Options: nosniff
X-XSS-Protection: 1; mode=block
Cache-Control: no-cache, no-store, max-age=0, must-revalidate
Pragma: no-cache
Expires: 0
X-Frame-Options: DENY
Content-Type: application/json
Transfer-Encoding: chunked
Date: Mon, 22 May 2023 23:12:34 GMT
Keep-Alive: timeout=60
Connection: keep-alive

[
    {
        "id": 1,
        "price": 12.99,
        "category": "Stuffed Toys",
        "title": "Teddy Bear",
        "size": "small",
        "image": "https://media2.giphy.com/media/diAhf8bYer76E/giphy.gif?cid=7e157c8bevku94zx1gopjxuh56pj0tzq7cz7464cdclgujge&ep=v1_gifs_search&rid=giphy.gif&ct=g",
        "stock": -2,
        "links": [
            {
                "rel": "self",
                "href": "http://ec2-54-206-101-9.ap-southeast-2.compute.amazonaws.com:7081/toy/1"
            }
        ]
    },
    {
        "id": 2,
        "price": 10.99,
        "category": "Stuffed Toys",
        "title": "Stuffed Frog",
        "size": "small",
        "image": "https://media2.giphy.com/media/JOSK3sA2KNqOtBetwf/giphy.gif?cid=7e157c8b5rwv3ebo5u3mpr0v5v65n0pxjfb5e968utzgqzff&ep=v1_gifs_search&rid=giphy.gif&ct=g",
        "stock": -6,
        "links": [
            {
                "rel": "self",
                "href": "http://ec2-54-206-101-9.ap-southeast-2.compute.amazonaws.com:7081/toy/2"
            }
        ]
    },
    {
        "id": 3,
        "price": 10.99,
        "category": "Stuffed Toys",
        "title": "Handmade Doll",
        "size": "small",
        "image": "https://media4.giphy.com/media/dXjXhxWhtmdm7imbGw/giphy.gif?cid=7e157c8bmteuc91bp2fstpb00599ed0j5n7ud9o8eozxmfnj&ep=v1_gifs_search&rid=giphy.gif&ct=g",
        "stock": -1,
        "links": [
            {
                "rel": "self",
                "href": "http://ec2-54-206-101-9.ap-southeast-2.compute.amazonaws.com:7081/toy/3"
            }
        ]
    },
    {
        "id": 4,
        "price": 9.99,
        "category": "Stuffed Toys",
        "title": "Fluffy Bunny",
        "size": "small",
        "image": "https://media3.giphy.com/media/hrSMjnL0T6sVLSpoqo/giphy.gif?cid=7e157c8bd3c4pw59cvopmoghuvb52roq4adbnmuwuh8bffij&ep=v1_gifs_search&rid=giphy.gif&ct=g",
        "stock": -3,
        "links": [
            {
                "rel": "self",
                "href": "http://ec2-54-206-101-9.ap-southeast-2.compute.amazonaws.com:7081/toy/4"
            }
        ]
    },
    {
        "id": 5,
        "price": 14.99,
        "category": "Stuffed Toys",
        "title": "Smiley Bear",
        "size": "small",
        "image": "https://media0.giphy.com/media/3fOl41t61VOKqzGniL/giphy.gif?cid=7e157c8b4vy4japri2c8f1kwqplxvrdql0lhsxtb4cghw4df&ep=v1_gifs_search&rid=giphy.gif&ct=g",
        "stock": -1,
        "links": [
            {
                "rel": "self",
                "href": "http://ec2-54-206-101-9.ap-southeast-2.compute.amazonaws.com:7081/toy/5"
            }
        ]
    },
    {
        "id": 6,
        "price": 10.99,
        "category": "Stuffed Toys",
        "title": "Funny Cow",
        "size": "small",
        "image": "https://media1.giphy.com/media/HkoG1DPZxbzHFaHruh/giphy.gif?cid=7e157c8bn7b726524hytxf0i20f47j980xiia493aa248tp5&ep=v1_gifs_search&rid=giphy.gif&ct=g",
        "stock": 0,
        "links": [
            {
                "rel": "self",
                "href": "http://ec2-54-206-101-9.ap-southeast-2.compute.amazonaws.com:7081/toy/6"
            }
        ]
    },
    {
        "id": 7,
        "price": 14.99,
        "category": "Stuffed Toys",
        "title": "Valentine Bear",
        "size": "small",
        "image": "https://media1.giphy.com/media/dr9YCqXmpmrgnJKp5F/giphy.gif?cid=7e157c8b437ezi32lcnrblpbv253r45mfu90tl27zvprz66p&ep=v1_gifs_search&rid=giphy.gif&ct=g",
        "stock": 0,
        "links": [
            {
                "rel": "self",
                "href": "http://ec2-54-206-101-9.ap-southeast-2.compute.amazonaws.com:7081/toy/7"
            }
        ]
    },
    {
        "id": 8,
        "price": 9.99,
        "category": "Stuffed Toys",
        "title": "Smiley Face",
        "size": "small",
        "image": "https://media3.giphy.com/media/NnlndgatpLBsOXR80L/giphy.gif?cid=7e157c8b86gqiprbqxh4i2lvhlo98ybuy5u9y8afvmywalar&ep=v1_gifs_search&rid=giphy.gif&ct=g",
        "stock": -11,
        "links": [
            {
                "rel": "self",
                "href": "http://ec2-54-206-101-9.ap-southeast-2.compute.amazonaws.com:7081/toy/8"
            }
        ]
    },
    {
        "id": 9,
        "price": 7.99,
        "category": "Stuffed Toys",
        "title": "Joker",
        "size": "small",
        "image": "https://media4.giphy.com/media/J5jiSSrEkV3Kd8iOwb/giphy.gif?cid=7e157c8bjkjqm0h1czmo5yyif4wxpwi5rw7dua1kpw500c7q&ep=v1_gifs_search&rid=giphy.gif&ct=g",
        "stock": -2,
        "links": [
            {
                "rel": "self",
                "href": "http://ec2-54-206-101-9.ap-southeast-2.compute.amazonaws.com:7081/toy/9"
            }
        ]
    },
    {
        "id": 36,
        "price": 0.02,
        "category": "string",
        "title": "string",
        "size": "string",
        "image": "string",
        "stock": 0,
        "links": [
            {
                "rel": "self",
                "href": "http://ec2-54-206-101-9.ap-southeast-2.compute.amazonaws.com:7081/toy/36"
            }
        ]
    },
    {
        "id": 37,
        "price": 11.02,
        "category": "Stuffed Toys",
        "title": "My Bear",
        "size": "small",
        "image": "https://media2.giphy.com/media/diAhf8bYer76E/giphy.gif?cid=7e157c8bevku94zx1gopjxuh56pj0tzq7cz7464cdclgujge&ep=v1_gifs_search&rid=giphy.gif&ct=g",
        "stock": 0,
        "links": [
            {
                "rel": "self",
                "href": "http://ec2-54-206-101-9.ap-southeast-2.compute.amazonaws.com:7081/toy/37"
            }
        ]
    },
    {
        "id": 46,
        "price": 11.02,
        "category": "Stuffed Toys",
        "title": "My Bear",
        "size": "small",
        "image": "https://media2.giphy.com/media/diAhf8bYer76E/giphy.gif?cid=7e157c8bevku94zx1gopjxuh56pj0tzq7cz7464cdclgujge&ep=v1_gifs_search&rid=giphy.gif&ct=g",
        "stock": 0,
        "links": [
            {
                "rel": "self",
                "href": "http://ec2-54-206-101-9.ap-southeast-2.compute.amazonaws.com:7081/toy/46"
            }
        ]
    },
    {
        "id": 69,
        "price": 19.99,
        "category": "Soft toys",
        "title": "Unicorn",
        "size": "small",
        "image": "https://i.pinimg.com/736x/7f/c2/34/7fc2344d4cde852dc0a2c148586645cb.jpg",
        "stock": 76,
        "links": [
            {
                "rel": "self",
                "href": "http://ec2-54-206-101-9.ap-southeast-2.compute.amazonaws.com:7081/toy/69"
            }
        ]
    },
    {
        "id": 580,
        "price": 25.0,
        "category": "Stuffed Toys",
        "title": "V_TestDeer",
        "size": "small",
        "image": null,
        "stock": 20,
        "links": [
            {
                "rel": "self",
                "href": "http://ec2-54-206-101-9.ap-southeast-2.compute.amazonaws.com:7081/toy/580"
            }
        ]
    },
    {
        "id": 697,
        "price": 10.99,
        "category": "Stuffed Toys",
        "title": "Stuffed Frog",
        "size": "small",
        "image": "https://media0.giphy.com/media/dvfDDBcbh5xAzExS1v/giphy.gif?cid=7e157c8bzlc87rxwqewb9aqwupmxzapmkpsa37aad4s486yz&rid=giphy.gif&ct=g",
        "stock": 1,
        "links": [
            {
                "rel": "self",
                "href": "http://ec2-54-206-101-9.ap-southeast-2.compute.amazonaws.com:7081/toy/697"
            }
        ]
    },
    {
        "id": 699,
        "price": 18.99,
        "category": "Stuffed toys",
        "title": "Test Toy_db",
        "size": "Small",
        "image": "",
        "stock": 10,
        "links": [
            {
                "rel": "self",
                "href": "http://ec2-54-206-101-9.ap-southeast-2.compute.amazonaws.com:7081/toy/699"
            }
        ]
    },
    {
        "id": 701,
        "price": 18.99,
        "category": "Stuffed toys",
        "title": "Test Toy_db",
        "size": "Small",
        "image": "",
        "stock": 10,
        "links": [
            {
                "rel": "self",
                "href": "http://ec2-54-206-101-9.ap-southeast-2.compute.amazonaws.com:7081/toy/701"
            }
        ]
    },
    {
        "id": 702,
        "price": 18.99,
        "category": "Stuffed toys",
        "title": "Test Toy_db",
        "size": "Small",
        "image": "",
        "stock": 10,
        "links": [
            {
                "rel": "self",
                "href": "http://ec2-54-206-101-9.ap-southeast-2.compute.amazonaws.com:7081/toy/702"
            }
        ]
    },
    {
        "id": 705,
        "price": 0.02,
        "category": "string",
        "title": "string",
        "size": "string",
        "image": "string",
        "stock": 0,
        "links": [
            {
                "rel": "self",
                "href": "http://ec2-54-206-101-9.ap-southeast-2.compute.amazonaws.com:7081/toy/705"
            }
        ]
    },
    {
        "id": 749,
        "price": 18.99,
        "category": "Stuffed toys",
        "title": "Test Toy_db",
        "size": "Small",
        "image": "",
        "stock": 10,
        "links": [
            {
                "rel": "self",
                "href": "http://ec2-54-206-101-9.ap-southeast-2.compute.amazonaws.com:7081/toy/749"
            }
        ]
    },
    {
        "id": 750,
        "price": 18.99,
        "category": "Stuffed toys",
        "title": "Test Toy_db",
        "size": "Small",
        "image": "",
        "stock": 10,
        "links": [
            {
                "rel": "self",
                "href": "http://ec2-54-206-101-9.ap-southeast-2.compute.amazonaws.com:7081/toy/750"
            }
        ]
    },
    {
        "id": 751,
        "price": 18.99,
        "category": "Stuffed toys",
        "title": "Test Toy_db",
        "size": "Small",
        "image": "",
        "stock": 10,
        "links": [
            {
                "rel": "self",
                "href": "http://ec2-54-206-101-9.ap-southeast-2.compute.amazonaws.com:7081/toy/751"
            }
        ]
    }
]
HTTP/1.1 200 
Vary: Origin
Vary: Access-Control-Request-Method
Vary: Access-Control-Request-Headers
X-Content-Type-Options: nosniff
X-XSS-Protection: 1; mode=block
Cache-Control: no-cache, no-store, max-age=0, must-revalidate
Pragma: no-cache
Expires: 0
X-Frame-Options: DENY
Content-Type: application/hal+json
Transfer-Encoding: chunked
Date: Mon, 22 May 2023 23:12:35 GMT
Keep-Alive: timeout=60
Connection: keep-alive

{
    "id": 69,
    "price": 19.99,
    "category": "Soft toys",
    "title": "Unicorn",
    "size": "small",
    "image": "https://i.pinimg.com/736x/7f/c2/34/7fc2344d4cde852dc0a2c148586645cb.jpg",
    "stock": 76,
    "_links": {
        "self": {
            "href": "http://ec2-54-206-101-9.ap-southeast-2.compute.amazonaws.com:7081/toy/69"
        }
    }
}
  &amp#27;[32mThen &amp#27;[0m&amp#27;[32mI can see correct quantity, product and subtotal are correct&amp#27;[0m            &amp#27;[90m# com.jupitertoys.stepDefinitions.CartPageSteps.iCanSeeCorrectQuantityAndProductPriceAreCorrect()&amp#27;[0m
  &amp#27;[32mWhen &amp#27;[0m&amp#27;[32mI do checkout&amp#27;[0m                                                           &amp#27;[90m# com.jupitertoys.stepDefinitions.CheckoutPageSteps.i_do_checkout()&amp#27;[0m
  &amp#27;[32mAnd &amp#27;[0m&amp#27;[32mI fill in contact details section in checkoutPage with following details&amp#27;[0m &amp#27;[90m# com.jupitertoys.stepDefinitions.CheckoutPageSteps.i_fill_in_contact_details_section_in_checkout_page_with_following_details(io.cucumber.datatable.DataTable)&amp#27;[0m
    | FirstName | LastName | Email          | TelephoneNo | Address    | Suburb   | State | PostCode |
    | John      | Doe      | John@gmail.com | 46786788    | 22/test Rd | Sunshine | VIC   | 1234     |
  &amp#27;[32mAnd &amp#27;[0m&amp#27;[32mI navigate to delivery details section&amp#27;[0m                                   &amp#27;[90m# com.jupitertoys.stepDefinitions.CheckoutPageSteps.i_navigate_to_delivery_details_section()&amp#27;[0m
  &amp#27;[32mAnd &amp#27;[0m&amp#27;[32mI provide Yes for Same as Contact Address field&amp#27;[0m                          &amp#27;[90m# com.jupitertoys.stepDefinitions.CheckoutPageSteps.i_provide_above_same_contact_details_for_delivery_details_section()&amp#27;[0m
  &amp#27;[32mThen &amp#27;[0m&amp#27;[32mI can see given contact details are filled as delivery details&amp#27;[0m          &amp#27;[90m# com.jupitertoys.stepDefinitions.CheckoutPageSteps.i_can_see_given_contact_details_are_filled_as_delivery_details()&amp#27;[0m
  &amp#27;[32mWhen &amp#27;[0m&amp#27;[32mI navigate to payment details section&amp#27;[0m                                   &amp#27;[90m# com.jupitertoys.stepDefinitions.CheckoutPageSteps.i_navigate_to_payment_details_section()&amp#27;[0m
  &amp#27;[32mAnd &amp#27;[0m&amp#27;[32mI fill payment detail section&amp#27;[0m                                            &amp#27;[90m# com.jupitertoys.stepDefinitions.CheckoutPageSteps.i_fill_payment_details()&amp#27;[0m
  &amp#27;[32mAnd &amp#27;[0m&amp#27;[32mI navigate to order confirmation details section&amp#27;[0m                         &amp#27;[90m# com.jupitertoys.stepDefinitions.CheckoutPageSteps.i_navigate_to_order_confirmation_section()&amp#27;[0m
  &amp#27;[32mAnd &amp#27;[0m&amp#27;[32mI submit the order&amp#27;[0m                                                       &amp#27;[90m# com.jupitertoys.stepDefinitions.CheckoutPageSteps.i_submit_the_order()&amp#27;[0m
fail msg is Payment Failed
  &amp#27;[32mThen &amp#27;[0m&amp#27;[32mI can see order getting unsuccessfull&amp#27;[0m                                   &amp#27;[90m# com.jupitertoys.stepDefinitions.CheckoutPageSteps.i_can_see_order_getting_unsuccessfull()&amp#27;[0m
]]></system-out>
    <system-err><![CDATA[SLF4J: No SLF4J providers were found.
SLF4J: Defaulting to no-operation (NOP) logger implementation
SLF4J: See https://www.slf4j.org/codes.html#noProviders for further details.
Starting ChromeDriver 113.0.5672.63 (0e1a4471d5ae5bf128b1bd8f4d627c8cbd55f70c-refs/branch-heads/5672@{#912}) on port 7018
Only local connections are allowed.
Please see https://chromedriver.chromium.org/security-considerations for suggestions on keeping ChromeDriver safe.
ChromeDriver was started successfully.
May 23, 2023 9:12:27 AM org.openqa.selenium.devtools.CdpVersionFinder findNearestMatch
WARNING: Unable to find an exact match for CDP version 113, so returning the closest version found: 111
]]></system-err>
  </testcase>
</testsuite>